{"C:\\Users\\RAVI R VADHER\\Desktop\\kata-tdd\\sweet-shop-management-system\\src\\SweetShop.js": {"path":"C:\\Users\\RAVI R VADHER\\Desktop\\kata-tdd\\sweet-shop-management-system\\src\\SweetShop.js","statementMap":{"0":{"start":{"line":3,"column":4},"end":{"line":3,"column":21}},"1":{"start":{"line":9,"column":4},"end":{"line":9,"column":23}},"2":{"start":{"line":15,"column":27},"end":{"line":15,"column":74}},"3":{"start":{"line":17,"column":4},"end":{"line":21,"column":5}},"4":{"start":{"line":18,"column":6},"end":{"line":20,"column":7}},"5":{"start":{"line":19,"column":8},"end":{"line":19,"column":48}},"6":{"start":{"line":24,"column":4},"end":{"line":26,"column":5}},"7":{"start":{"line":24,"column":30},"end":{"line":24,"column":47}},"8":{"start":{"line":25,"column":6},"end":{"line":25,"column":60}},"9":{"start":{"line":28,"column":4},"end":{"line":28,"column":28}},"10":{"start":{"line":34,"column":16},"end":{"line":34,"column":55}},"11":{"start":{"line":34,"column":43},"end":{"line":34,"column":54}},"12":{"start":{"line":35,"column":2},"end":{"line":37,"column":3}},"13":{"start":{"line":36,"column":4},"end":{"line":36,"column":54}},"14":{"start":{"line":38,"column":2},"end":{"line":38,"column":31}},"15":{"start":{"line":43,"column":2},"end":{"line":51,"column":5}},"16":{"start":{"line":44,"column":22},"end":{"line":44,"column":107}},"17":{"start":{"line":45,"column":26},"end":{"line":45,"column":117}},"18":{"start":{"line":47,"column":6},"end":{"line":48,"column":81}},"19":{"start":{"line":50,"column":4},"end":{"line":50,"column":52}},"20":{"start":{"line":57,"column":22},"end":{"line":57,"column":51}},"21":{"start":{"line":58,"column":2},"end":{"line":60,"column":3}},"22":{"start":{"line":59,"column":4},"end":{"line":59,"column":52}},"23":{"start":{"line":62,"column":17},"end":{"line":67,"column":4}},"24":{"start":{"line":63,"column":4},"end":{"line":65,"column":5}},"25":{"start":{"line":64,"column":6},"end":{"line":64,"column":46}},"26":{"start":{"line":66,"column":4},"end":{"line":66,"column":31}},"27":{"start":{"line":69,"column":2},"end":{"line":69,"column":54}},"28":{"start":{"line":73,"column":22},"end":{"line":73,"column":51}},"29":{"start":{"line":74,"column":2},"end":{"line":76,"column":3}},"30":{"start":{"line":75,"column":4},"end":{"line":75,"column":52}},"31":{"start":{"line":78,"column":17},"end":{"line":83,"column":4}},"32":{"start":{"line":79,"column":4},"end":{"line":81,"column":5}},"33":{"start":{"line":80,"column":6},"end":{"line":80,"column":46}},"34":{"start":{"line":82,"column":4},"end":{"line":82,"column":31}},"35":{"start":{"line":85,"column":2},"end":{"line":85,"column":54}},"36":{"start":{"line":91,"column":2},"end":{"line":93,"column":3}},"37":{"start":{"line":92,"column":4},"end":{"line":92,"column":59}},"38":{"start":{"line":95,"column":16},"end":{"line":95,"column":50}},"39":{"start":{"line":95,"column":38},"end":{"line":95,"column":49}},"40":{"start":{"line":96,"column":2},"end":{"line":98,"column":3}},"41":{"start":{"line":97,"column":4},"end":{"line":97,"column":54}},"42":{"start":{"line":100,"column":2},"end":{"line":102,"column":3}},"43":{"start":{"line":101,"column":4},"end":{"line":101,"column":62}},"44":{"start":{"line":104,"column":2},"end":{"line":104,"column":29}},"45":{"start":{"line":105,"column":2},"end":{"line":105,"column":46}},"46":{"start":{"line":111,"column":2},"end":{"line":113,"column":3}},"47":{"start":{"line":112,"column":4},"end":{"line":112,"column":67}},"48":{"start":{"line":115,"column":16},"end":{"line":115,"column":50}},"49":{"start":{"line":115,"column":38},"end":{"line":115,"column":49}},"50":{"start":{"line":116,"column":2},"end":{"line":118,"column":3}},"51":{"start":{"line":117,"column":4},"end":{"line":117,"column":54}},"52":{"start":{"line":120,"column":2},"end":{"line":120,"column":29}},"53":{"start":{"line":126,"column":2},"end":{"line":126,"column":57}},"54":{"start":{"line":126,"column":33},"end":{"line":126,"column":55}},"55":{"start":{"line":132,"column":0},"end":{"line":132,"column":25}}},"fnMap":{"0":{"name":"(anonymous_0)","decl":{"start":{"line":2,"column":2},"end":{"line":2,"column":3}},"loc":{"start":{"line":2,"column":16},"end":{"line":5,"column":3}},"line":2},"1":{"name":"(anonymous_1)","decl":{"start":{"line":8,"column":0},"end":{"line":8,"column":1}},"loc":{"start":{"line":8,"column":13},"end":{"line":10,"column":3}},"line":8},"2":{"name":"(anonymous_2)","decl":{"start":{"line":13,"column":0},"end":{"line":13,"column":1}},"loc":{"start":{"line":13,"column":16},"end":{"line":29,"column":3}},"line":13},"3":{"name":"(anonymous_3)","decl":{"start":{"line":24,"column":25},"end":{"line":24,"column":26}},"loc":{"start":{"line":24,"column":30},"end":{"line":24,"column":47}},"line":24},"4":{"name":"(anonymous_4)","decl":{"start":{"line":33,"column":2},"end":{"line":33,"column":3}},"loc":{"start":{"line":33,"column":18},"end":{"line":39,"column":1}},"line":33},"5":{"name":"(anonymous_5)","decl":{"start":{"line":34,"column":38},"end":{"line":34,"column":39}},"loc":{"start":{"line":34,"column":43},"end":{"line":34,"column":54}},"line":34},"6":{"name":"(anonymous_6)","decl":{"start":{"line":42,"column":0},"end":{"line":42,"column":1}},"loc":{"start":{"line":42,"column":22},"end":{"line":52,"column":1}},"line":42},"7":{"name":"(anonymous_7)","decl":{"start":{"line":43,"column":28},"end":{"line":43,"column":29}},"loc":{"start":{"line":43,"column":37},"end":{"line":51,"column":3}},"line":43},"8":{"name":"(anonymous_8)","decl":{"start":{"line":56,"column":0},"end":{"line":56,"column":1}},"loc":{"start":{"line":56,"column":29},"end":{"line":70,"column":1}},"line":56},"9":{"name":"(anonymous_9)","decl":{"start":{"line":62,"column":39},"end":{"line":62,"column":40}},"loc":{"start":{"line":62,"column":49},"end":{"line":67,"column":3}},"line":62},"10":{"name":"(anonymous_10)","decl":{"start":{"line":72,"column":0},"end":{"line":72,"column":1}},"loc":{"start":{"line":72,"column":29},"end":{"line":86,"column":1}},"line":72},"11":{"name":"(anonymous_11)","decl":{"start":{"line":78,"column":39},"end":{"line":78,"column":40}},"loc":{"start":{"line":78,"column":49},"end":{"line":83,"column":3}},"line":78},"12":{"name":"(anonymous_12)","decl":{"start":{"line":90,"column":0},"end":{"line":90,"column":1}},"loc":{"start":{"line":90,"column":28},"end":{"line":107,"column":1}},"line":90},"13":{"name":"(anonymous_13)","decl":{"start":{"line":95,"column":33},"end":{"line":95,"column":34}},"loc":{"start":{"line":95,"column":38},"end":{"line":95,"column":49}},"line":95},"14":{"name":"(anonymous_14)","decl":{"start":{"line":110,"column":0},"end":{"line":110,"column":1}},"loc":{"start":{"line":110,"column":27},"end":{"line":121,"column":1}},"line":110},"15":{"name":"(anonymous_15)","decl":{"start":{"line":115,"column":33},"end":{"line":115,"column":34}},"loc":{"start":{"line":115,"column":38},"end":{"line":115,"column":49}},"line":115},"16":{"name":"(anonymous_16)","decl":{"start":{"line":125,"column":0},"end":{"line":125,"column":1}},"loc":{"start":{"line":125,"column":32},"end":{"line":127,"column":1}},"line":125},"17":{"name":"(anonymous_17)","decl":{"start":{"line":126,"column":28},"end":{"line":126,"column":29}},"loc":{"start":{"line":126,"column":33},"end":{"line":126,"column":55}},"line":126}},"branchMap":{"0":{"loc":{"start":{"line":18,"column":6},"end":{"line":20,"column":7}},"type":"if","locations":[{"start":{"line":18,"column":6},"end":{"line":20,"column":7}},{"start":{},"end":{}}],"line":18},"1":{"loc":{"start":{"line":24,"column":4},"end":{"line":26,"column":5}},"type":"if","locations":[{"start":{"line":24,"column":4},"end":{"line":26,"column":5}},{"start":{},"end":{}}],"line":24},"2":{"loc":{"start":{"line":35,"column":2},"end":{"line":37,"column":3}},"type":"if","locations":[{"start":{"line":35,"column":2},"end":{"line":37,"column":3}},{"start":{},"end":{}}],"line":35},"3":{"loc":{"start":{"line":42,"column":7},"end":{"line":42,"column":20}},"type":"default-arg","locations":[{"start":{"line":42,"column":18},"end":{"line":42,"column":20}}],"line":42},"4":{"loc":{"start":{"line":44,"column":22},"end":{"line":44,"column":107}},"type":"cond-expr","locations":[{"start":{"line":44,"column":38},"end":{"line":44,"column":100}},{"start":{"line":44,"column":103},"end":{"line":44,"column":107}}],"line":44},"5":{"loc":{"start":{"line":45,"column":26},"end":{"line":45,"column":117}},"type":"cond-expr","locations":[{"start":{"line":45,"column":46},"end":{"line":45,"column":110}},{"start":{"line":45,"column":113},"end":{"line":45,"column":117}}],"line":45},"6":{"loc":{"start":{"line":47,"column":6},"end":{"line":48,"column":81}},"type":"binary-expr","locations":[{"start":{"line":47,"column":7},"end":{"line":47,"column":80}},{"start":{"line":48,"column":7},"end":{"line":48,"column":80}}],"line":47},"7":{"loc":{"start":{"line":47,"column":7},"end":{"line":47,"column":80}},"type":"cond-expr","locations":[{"start":{"line":47,"column":41},"end":{"line":47,"column":73}},{"start":{"line":47,"column":76},"end":{"line":47,"column":80}}],"line":47},"8":{"loc":{"start":{"line":48,"column":7},"end":{"line":48,"column":80}},"type":"cond-expr","locations":[{"start":{"line":48,"column":41},"end":{"line":48,"column":73}},{"start":{"line":48,"column":76},"end":{"line":48,"column":80}}],"line":48},"9":{"loc":{"start":{"line":50,"column":11},"end":{"line":50,"column":51}},"type":"binary-expr","locations":[{"start":{"line":50,"column":11},"end":{"line":50,"column":20}},{"start":{"line":50,"column":24},"end":{"line":50,"column":37}},{"start":{"line":50,"column":41},"end":{"line":50,"column":51}}],"line":50},"10":{"loc":{"start":{"line":56,"column":14},"end":{"line":56,"column":27}},"type":"default-arg","locations":[{"start":{"line":56,"column":22},"end":{"line":56,"column":27}}],"line":56},"11":{"loc":{"start":{"line":58,"column":2},"end":{"line":60,"column":3}},"type":"if","locations":[{"start":{"line":58,"column":2},"end":{"line":60,"column":3}},{"start":{},"end":{}}],"line":58},"12":{"loc":{"start":{"line":63,"column":4},"end":{"line":65,"column":5}},"type":"if","locations":[{"start":{"line":63,"column":4},"end":{"line":65,"column":5}},{"start":{},"end":{}}],"line":63},"13":{"loc":{"start":{"line":69,"column":9},"end":{"line":69,"column":53}},"type":"cond-expr","locations":[{"start":{"line":69,"column":28},"end":{"line":69,"column":44}},{"start":{"line":69,"column":47},"end":{"line":69,"column":53}}],"line":69},"14":{"loc":{"start":{"line":72,"column":14},"end":{"line":72,"column":27}},"type":"default-arg","locations":[{"start":{"line":72,"column":22},"end":{"line":72,"column":27}}],"line":72},"15":{"loc":{"start":{"line":74,"column":2},"end":{"line":76,"column":3}},"type":"if","locations":[{"start":{"line":74,"column":2},"end":{"line":76,"column":3}},{"start":{},"end":{}}],"line":74},"16":{"loc":{"start":{"line":79,"column":4},"end":{"line":81,"column":5}},"type":"if","locations":[{"start":{"line":79,"column":4},"end":{"line":81,"column":5}},{"start":{},"end":{}}],"line":79},"17":{"loc":{"start":{"line":85,"column":9},"end":{"line":85,"column":53}},"type":"cond-expr","locations":[{"start":{"line":85,"column":28},"end":{"line":85,"column":44}},{"start":{"line":85,"column":47},"end":{"line":85,"column":53}}],"line":85},"18":{"loc":{"start":{"line":91,"column":2},"end":{"line":93,"column":3}},"type":"if","locations":[{"start":{"line":91,"column":2},"end":{"line":93,"column":3}},{"start":{},"end":{}}],"line":91},"19":{"loc":{"start":{"line":96,"column":2},"end":{"line":98,"column":3}},"type":"if","locations":[{"start":{"line":96,"column":2},"end":{"line":98,"column":3}},{"start":{},"end":{}}],"line":96},"20":{"loc":{"start":{"line":100,"column":2},"end":{"line":102,"column":3}},"type":"if","locations":[{"start":{"line":100,"column":2},"end":{"line":102,"column":3}},{"start":{},"end":{}}],"line":100},"21":{"loc":{"start":{"line":111,"column":2},"end":{"line":113,"column":3}},"type":"if","locations":[{"start":{"line":111,"column":2},"end":{"line":113,"column":3}},{"start":{},"end":{}}],"line":111},"22":{"loc":{"start":{"line":116,"column":2},"end":{"line":118,"column":3}},"type":"if","locations":[{"start":{"line":116,"column":2},"end":{"line":118,"column":3}},{"start":{},"end":{}}],"line":116},"23":{"loc":{"start":{"line":125,"column":17},"end":{"line":125,"column":30}},"type":"default-arg","locations":[{"start":{"line":125,"column":29},"end":{"line":125,"column":30}}],"line":125}},"s":{"0":34,"1":6,"2":40,"3":40,"4":198,"5":1,"6":39,"7":39,"8":1,"9":38,"10":2,"11":1,"12":2,"13":1,"14":1,"15":3,"16":12,"17":12,"18":12,"19":12,"20":0,"21":0,"22":0,"23":0,"24":0,"25":0,"26":0,"27":0,"28":3,"29":3,"30":1,"31":2,"32":10,"33":5,"34":5,"35":2,"36":5,"37":2,"38":3,"39":3,"40":3,"41":1,"42":2,"43":1,"44":1,"45":1,"46":4,"47":2,"48":2,"49":2,"50":2,"51":1,"52":1,"53":1,"54":2,"55":1},"f":{"0":34,"1":6,"2":40,"3":39,"4":2,"5":1,"6":3,"7":12,"8":0,"9":0,"10":3,"11":10,"12":5,"13":3,"14":4,"15":2,"16":1,"17":2},"b":{"0":[1,197],"1":[1,38],"2":[1,1],"3":[0],"4":[4,8],"5":[4,8],"6":[12,11],"7":[4,8],"8":[3,8],"9":[12,9,7],"10":[0],"11":[0,0],"12":[0,0],"13":[0,0],"14":[1],"15":[1,2],"16":[5,5],"17":[1,1],"18":[2,3],"19":[1,2],"20":[1,1],"21":[2,2],"22":[1,1],"23":[0]},"_coverageSchema":"1a1c01bbd47fc00a2c39e90264f33305004495a9","hash":"f5a9ee7fea845004bf5f372743f1a987108e6c72"}
}
