TN:
SF:src\SweetShop.js
FN:2,(anonymous_0)
FN:8,(anonymous_1)
FN:13,(anonymous_2)
FN:24,(anonymous_3)
FN:33,(anonymous_4)
FN:34,(anonymous_5)
FN:42,(anonymous_6)
FN:43,(anonymous_7)
FN:56,(anonymous_8)
FN:62,(anonymous_9)
FN:72,(anonymous_10)
FN:78,(anonymous_11)
FN:90,(anonymous_12)
FN:95,(anonymous_13)
FN:110,(anonymous_14)
FN:115,(anonymous_15)
FN:125,(anonymous_16)
FN:126,(anonymous_17)
FNF:18
FNH:16
FNDA:34,(anonymous_0)
FNDA:6,(anonymous_1)
FNDA:40,(anonymous_2)
FNDA:39,(anonymous_3)
FNDA:2,(anonymous_4)
FNDA:1,(anonymous_5)
FNDA:3,(anonymous_6)
FNDA:12,(anonymous_7)
FNDA:0,(anonymous_8)
FNDA:0,(anonymous_9)
FNDA:3,(anonymous_10)
FNDA:10,(anonymous_11)
FNDA:5,(anonymous_12)
FNDA:3,(anonymous_13)
FNDA:4,(anonymous_14)
FNDA:2,(anonymous_15)
FNDA:1,(anonymous_16)
FNDA:2,(anonymous_17)
DA:3,34
DA:9,6
DA:15,40
DA:17,40
DA:18,198
DA:19,1
DA:24,39
DA:25,1
DA:28,38
DA:34,2
DA:35,2
DA:36,1
DA:38,1
DA:43,3
DA:44,12
DA:45,12
DA:47,12
DA:50,12
DA:57,0
DA:58,0
DA:59,0
DA:62,0
DA:63,0
DA:64,0
DA:66,0
DA:69,0
DA:73,3
DA:74,3
DA:75,1
DA:78,2
DA:79,10
DA:80,5
DA:82,5
DA:85,2
DA:91,5
DA:92,2
DA:95,3
DA:96,3
DA:97,1
DA:100,2
DA:101,1
DA:104,1
DA:105,1
DA:111,4
DA:112,2
DA:115,2
DA:116,2
DA:117,1
DA:120,1
DA:126,2
DA:132,1
LF:51
LH:43
BRDA:18,0,0,1
BRDA:18,0,1,197
BRDA:24,1,0,1
BRDA:24,1,1,38
BRDA:35,2,0,1
BRDA:35,2,1,1
BRDA:42,3,0,0
BRDA:44,4,0,4
BRDA:44,4,1,8
BRDA:45,5,0,4
BRDA:45,5,1,8
BRDA:47,6,0,12
BRDA:47,6,1,11
BRDA:47,7,0,4
BRDA:47,7,1,8
BRDA:48,8,0,3
BRDA:48,8,1,8
BRDA:50,9,0,12
BRDA:50,9,1,9
BRDA:50,9,2,7
BRDA:56,10,0,0
BRDA:58,11,0,0
BRDA:58,11,1,0
BRDA:63,12,0,0
BRDA:63,12,1,0
BRDA:69,13,0,0
BRDA:69,13,1,0
BRDA:72,14,0,1
BRDA:74,15,0,1
BRDA:74,15,1,2
BRDA:79,16,0,5
BRDA:79,16,1,5
BRDA:85,17,0,1
BRDA:85,17,1,1
BRDA:91,18,0,2
BRDA:91,18,1,3
BRDA:96,19,0,1
BRDA:96,19,1,2
BRDA:100,20,0,1
BRDA:100,20,1,1
BRDA:111,21,0,2
BRDA:111,21,1,2
BRDA:116,22,0,1
BRDA:116,22,1,1
BRDA:125,23,0,0
BRF:45
BRH:36
end_of_record
